2016-11-29 03:42:06.846  INFO 17051 --- [main] com.mohamedmhiri.app.Application         : Starting Application on mohamed.home with PID 17051 (/home/mohamed/Documents/development/javaee/classtutorials/org.spring/spring-hibernate/target/classes started by mohamed in /home/mohamed/Documents/development/javaee/classtutorials/org.spring/spring-hibernate)
2016-11-29 03:42:06.850  INFO 17051 --- [main] com.mohamedmhiri.app.Application         : No active profile set, falling back to default profiles: default
2016-11-29 03:42:06.948  INFO 17051 --- [main] s.c.a.AnnotationConfigApplicationContext : Refreshing org.springframework.context.annotation.AnnotationConfigApplicationContext@76b10754: startup date [Tue Nov 29 03:42:06 CET 2016]; root of context hierarchy
2016-11-29 03:42:08.240  INFO 17051 --- [main] j.LocalContainerEntityManagerFactoryBean : Building JPA container EntityManagerFactory for persistence unit 'default'
2016-11-29 03:42:08.266  INFO 17051 --- [main] o.hibernate.jpa.internal.util.LogHelper  : HHH000204: Processing PersistenceUnitInfo [
	name: default
	...]
2016-11-29 03:42:08.369  INFO 17051 --- [main] org.hibernate.Version                    : HHH000412: Hibernate Core {5.0.11.Final}
2016-11-29 03:42:08.371  INFO 17051 --- [main] org.hibernate.cfg.Environment            : HHH000206: hibernate.properties not found
2016-11-29 03:42:08.374  INFO 17051 --- [main] org.hibernate.cfg.Environment            : HHH000021: Bytecode provider name : javassist
2016-11-29 03:42:08.434  INFO 17051 --- [main] o.hibernate.annotations.common.Version   : HCANN000001: Hibernate Commons Annotations {5.0.1.Final}
2016-11-29 03:42:08.997  INFO 17051 --- [main] org.hibernate.dialect.Dialect            : HHH000400: Using dialect: org.hibernate.dialect.MySQL5Dialect
2016-11-29 03:42:09.701  INFO 17051 --- [main] org.hibernate.tool.hbm2ddl.SchemaUpdate  : HHH000228: Running hbm2ddl schema update
2016-11-29 03:42:09.958  INFO 17051 --- [main] rmationExtractorJdbcDatabaseMetaDataImpl : HHH000262: Table not found: customer
2016-11-29 03:42:09.960  INFO 17051 --- [main] rmationExtractorJdbcDatabaseMetaDataImpl : HHH000262: Table not found: customer
2016-11-29 03:42:13.125  INFO 17051 --- [main] j.LocalContainerEntityManagerFactoryBean : Initialized JPA EntityManagerFactory for persistence unit 'default'
2016-11-29 03:42:14.632  INFO 17051 --- [main] o.s.j.e.a.AnnotationMBeanExporter        : Registering beans for JMX exposure on startup
2016-11-29 03:42:14.665  INFO 17051 --- [main] com.mohamedmhiri.app.Application         : Started Application in 8.174 seconds (JVM running for 8.516)
2016-11-29 03:42:14.666  INFO 17051 --- [Thread-2] s.c.a.AnnotationConfigApplicationContext : Closing org.springframework.context.annotation.AnnotationConfigApplicationContext@76b10754: startup date [Tue Nov 29 03:42:06 CET 2016]; root of context hierarchy
2016-11-29 03:42:14.668  INFO 17051 --- [Thread-2] o.s.j.e.a.AnnotationMBeanExporter        : Unregistering JMX-exposed beans on shutdown
2016-11-29 03:42:14.670  INFO 17051 --- [Thread-2] j.LocalContainerEntityManagerFactoryBean : Closing JPA EntityManagerFactory for persistence unit 'default'
2016-11-29 03:43:21.896  INFO 17282 --- [main] com.mohamedmhiri.app.Application         : Starting Application on mohamed.home with PID 17282 (/home/mohamed/Documents/development/javaee/classtutorials/org.spring/spring-hibernate/target/classes started by mohamed in /home/mohamed/Documents/development/javaee/classtutorials/org.spring/spring-hibernate)
2016-11-29 03:43:21.901  INFO 17282 --- [main] com.mohamedmhiri.app.Application         : No active profile set, falling back to default profiles: default
2016-11-29 03:43:22.007  INFO 17282 --- [main] s.c.a.AnnotationConfigApplicationContext : Refreshing org.springframework.context.annotation.AnnotationConfigApplicationContext@130f889: startup date [Tue Nov 29 03:43:22 CET 2016]; root of context hierarchy
2016-11-29 03:43:23.489  INFO 17282 --- [main] j.LocalContainerEntityManagerFactoryBean : Building JPA container EntityManagerFactory for persistence unit 'default'
2016-11-29 03:43:23.510  INFO 17282 --- [main] o.hibernate.jpa.internal.util.LogHelper  : HHH000204: Processing PersistenceUnitInfo [
	name: default
	...]
2016-11-29 03:43:23.590  INFO 17282 --- [main] org.hibernate.Version                    : HHH000412: Hibernate Core {5.0.11.Final}
2016-11-29 03:43:23.592  INFO 17282 --- [main] org.hibernate.cfg.Environment            : HHH000206: hibernate.properties not found
2016-11-29 03:43:23.595  INFO 17282 --- [main] org.hibernate.cfg.Environment            : HHH000021: Bytecode provider name : javassist
2016-11-29 03:43:23.646  INFO 17282 --- [main] o.hibernate.annotations.common.Version   : HCANN000001: Hibernate Commons Annotations {5.0.1.Final}
2016-11-29 03:43:24.194  INFO 17282 --- [main] org.hibernate.dialect.Dialect            : HHH000400: Using dialect: org.hibernate.dialect.MySQL5Dialect
2016-11-29 03:43:24.633  INFO 17282 --- [main] org.hibernate.tool.hbm2ddl.SchemaUpdate  : HHH000228: Running hbm2ddl schema update
2016-11-29 03:43:24.742  INFO 17282 --- [main] j.LocalContainerEntityManagerFactoryBean : Initialized JPA EntityManagerFactory for persistence unit 'default'
2016-11-29 03:43:24.762  WARN 17282 --- [main] s.c.a.AnnotationConfigApplicationContext : Exception encountered during context initialization - cancelling refresh attempt: org.springframework.beans.factory.UnsatisfiedDependencyException: Error creating bean with name 'demo' defined in com.mohamedmhiri.app.Application: Unsatisfied dependency expressed through method 'demo' parameter 0; nested exception is org.springframework.beans.factory.NoSuchBeanDefinitionException: No qualifying bean of type 'com.mohamedmhiri.repositories.CustomerRepository' available: expected at least 1 bean which qualifies as autowire candidate. Dependency annotations: {}
2016-11-29 03:43:24.763  INFO 17282 --- [main] j.LocalContainerEntityManagerFactoryBean : Closing JPA EntityManagerFactory for persistence unit 'default'
2016-11-29 03:43:24.774  INFO 17282 --- [main] utoConfigurationReportLoggingInitializer : 

Error starting ApplicationContext. To display the auto-configuration report re-run your application with 'debug' enabled.
2016-11-29 03:43:24.864 ERROR 17282 --- [main] o.s.b.d.LoggingFailureAnalysisReporter   : 

***************************
APPLICATION FAILED TO START
***************************

Description:

Parameter 0 of method demo in com.mohamedmhiri.app.Application required a bean of type 'com.mohamedmhiri.repositories.CustomerRepository' that could not be found.


Action:

Consider defining a bean of type 'com.mohamedmhiri.repositories.CustomerRepository' in your configuration.

2016-11-29 03:53:07.105  INFO 18345 --- [main] com.mohamedmhiri.app.Application         : Starting Application on mohamed.home with PID 18345 (/home/mohamed/Documents/development/javaee/classtutorials/org.spring/spring-hibernate/target/classes started by mohamed in /home/mohamed/Documents/development/javaee/classtutorials/org.spring/spring-hibernate)
2016-11-29 03:53:07.109  INFO 18345 --- [main] com.mohamedmhiri.app.Application         : No active profile set, falling back to default profiles: default
2016-11-29 03:53:07.187  INFO 18345 --- [main] s.c.a.AnnotationConfigApplicationContext : Refreshing org.springframework.context.annotation.AnnotationConfigApplicationContext@130f889: startup date [Tue Nov 29 03:53:07 CET 2016]; root of context hierarchy
2016-11-29 03:53:08.509  INFO 18345 --- [main] j.LocalContainerEntityManagerFactoryBean : Building JPA container EntityManagerFactory for persistence unit 'default'
2016-11-29 03:53:08.529  INFO 18345 --- [main] o.hibernate.jpa.internal.util.LogHelper  : HHH000204: Processing PersistenceUnitInfo [
	name: default
	...]
2016-11-29 03:53:08.594  INFO 18345 --- [main] org.hibernate.Version                    : HHH000412: Hibernate Core {5.0.11.Final}
2016-11-29 03:53:08.596  INFO 18345 --- [main] org.hibernate.cfg.Environment            : HHH000206: hibernate.properties not found
2016-11-29 03:53:08.597  INFO 18345 --- [main] org.hibernate.cfg.Environment            : HHH000021: Bytecode provider name : javassist
2016-11-29 03:53:08.632  INFO 18345 --- [main] o.hibernate.annotations.common.Version   : HCANN000001: Hibernate Commons Annotations {5.0.1.Final}
2016-11-29 03:53:09.145  INFO 18345 --- [main] org.hibernate.dialect.Dialect            : HHH000400: Using dialect: org.hibernate.dialect.MySQL5Dialect
2016-11-29 03:53:09.509  INFO 18345 --- [main] org.hibernate.tool.hbm2ddl.SchemaUpdate  : HHH000228: Running hbm2ddl schema update
2016-11-29 03:53:09.597  INFO 18345 --- [main] j.LocalContainerEntityManagerFactoryBean : Initialized JPA EntityManagerFactory for persistence unit 'default'
2016-11-29 03:53:10.825  INFO 18345 --- [main] o.s.j.e.a.AnnotationMBeanExporter        : Registering beans for JMX exposure on startup
2016-11-29 03:53:11.860  INFO 18345 --- [main] com.mohamedmhiri.app.Application         : Customers found with findAll():
2016-11-29 03:53:11.860  INFO 18345 --- [main] com.mohamedmhiri.app.Application         : -------------------------------
2016-11-29 03:53:11.876  INFO 18345 --- [main] o.h.h.i.QueryTranslatorFactoryInitiator  : HHH000397: Using ASTQueryTranslatorFactory
2016-11-29 03:53:12.085  INFO 18345 --- [main] com.mohamedmhiri.app.Application         : Customer[id=1, firstName='Jack', lastName='Bauer']
2016-11-29 03:53:12.085  INFO 18345 --- [main] com.mohamedmhiri.app.Application         : Customer[id=2, firstName='Chloe', lastName='O'Brian']
2016-11-29 03:53:12.085  INFO 18345 --- [main] com.mohamedmhiri.app.Application         : Customer[id=3, firstName='Kim', lastName='Bauer']
2016-11-29 03:53:12.086  INFO 18345 --- [main] com.mohamedmhiri.app.Application         : Customer[id=4, firstName='David', lastName='Palmer']
2016-11-29 03:53:12.086  INFO 18345 --- [main] com.mohamedmhiri.app.Application         : Customer[id=5, firstName='Michelle', lastName='Dessler']
2016-11-29 03:53:12.086  INFO 18345 --- [main] com.mohamedmhiri.app.Application         : 
2016-11-29 03:53:12.112  INFO 18345 --- [main] com.mohamedmhiri.app.Application         : Customer found with findOne(1L):
2016-11-29 03:53:12.112  INFO 18345 --- [main] com.mohamedmhiri.app.Application         : --------------------------------
2016-11-29 03:53:12.114  INFO 18345 --- [main] com.mohamedmhiri.app.Application         : Customer[id=1, firstName='Jack', lastName='Bauer']
2016-11-29 03:53:12.115  INFO 18345 --- [main] com.mohamedmhiri.app.Application         : 
2016-11-29 03:53:12.115  INFO 18345 --- [main] com.mohamedmhiri.app.Application         : Customer found with findByLastName('Bauer'):
2016-11-29 03:53:12.115  INFO 18345 --- [main] com.mohamedmhiri.app.Application         : --------------------------------------------
2016-11-29 03:53:12.139  INFO 18345 --- [main] com.mohamedmhiri.app.Application         : Customer[id=1, firstName='Jack', lastName='Bauer']
2016-11-29 03:53:12.140  INFO 18345 --- [main] com.mohamedmhiri.app.Application         : Customer[id=3, firstName='Kim', lastName='Bauer']
2016-11-29 03:53:12.140  INFO 18345 --- [main] com.mohamedmhiri.app.Application         : 
2016-11-29 03:53:12.142  INFO 18345 --- [main] com.mohamedmhiri.app.Application         : Started Application in 5.36 seconds (JVM running for 5.746)
2016-11-29 03:53:12.143  INFO 18345 --- [Thread-2] s.c.a.AnnotationConfigApplicationContext : Closing org.springframework.context.annotation.AnnotationConfigApplicationContext@130f889: startup date [Tue Nov 29 03:53:07 CET 2016]; root of context hierarchy
2016-11-29 03:53:12.145  INFO 18345 --- [Thread-2] o.s.j.e.a.AnnotationMBeanExporter        : Unregistering JMX-exposed beans on shutdown
2016-11-29 03:53:12.146  INFO 18345 --- [Thread-2] j.LocalContainerEntityManagerFactoryBean : Closing JPA EntityManagerFactory for persistence unit 'default'
